#
# There is insufficient memory for the Java Runtime Environment to continue.
# Native memory allocation (mmap) failed to map 33554432 bytes for committing reserved memory.
# Possible reasons:
#   The system is out of physical RAM or swap space
#   The process is running with CompressedOops enabled, and the Java Heap may be blocking the growth of the native heap
# Possible solutions:
#   Reduce memory load on the system
#   Increase physical memory or swap space
#   Check if swap backing store is full
#   Decrease Java heap size (-Xmx/-Xms)
#   Decrease number of Java threads
#   Decrease Java thread stack sizes (-Xss)
#   Set larger code cache with -XX:ReservedCodeCacheSize=
#   JVM is running with Unscaled Compressed Oops mode in which the Java heap is
#     placed in the first 4GB address space. The Java Heap base address is the
#     maximum limit for the native heap growth. Please use -XX:HeapBaseMinAddress
#     to set the Java Heap base and to place the Java Heap above 4GB virtual address.
# This output file may be truncated or incomplete.
#
#  Out of Memory Error (os_linux.cpp:2828), pid=15569, tid=15570
#
# JRE version:  (17.0.9+9) (build )
# Java VM: OpenJDK 64-Bit Server VM (17.0.9+9, mixed mode, sharing, tiered, compressed oops, compressed class ptrs, g1 gc, linux-amd64)
# Core dump will be written. Default location: Core dumps may be processed with "/usr/share/apport/apport -p%p -s%s -c%c -d%d -P%P -u%u -g%g -- %E" (or dumping to /home/vagrant/cmpt276/Assignments/interactive-quiz/core.15569)
#

---------------  S U M M A R Y ------------

Command Line: -Dapplication.home=/home/vagrant/.vscode/extensions/redhat.java-1.26.0-linux-x64/jre/17.0.9-linux-x86_64 -Xms8m -Djdk.module.main=jdk.jcmd jdk.jcmd/sun.tools.jcmd.JCmd 2641 VM.uptime

Host: AMD Ryzen 5 4600H with Radeon Graphics, 2 cores, 3G, Ubuntu 18.04.6 LTS
Time: Thu Jan 25 08:25:54 2024 UTC elapsed time: 8.954820 seconds (0d 0h 0m 8s)

---------------  T H R E A D  ---------------

Current thread (0x00007fb5cc027340):  JavaThread "Unknown thread" [_thread_in_vm, id=15570, stack(0x00007fb5d5142000,0x00007fb5d5243000)]

Stack: [0x00007fb5d5142000,0x00007fb5d5243000],  sp=0x00007fb5d5241540,  free space=1021k
Native frames: (J=compiled Java code, j=interpreted, Vv=VM code, C=native code)
V  [libjvm.so+0xedfde1]  VMError::report_and_die(int, char const*, char const*, __va_list_tag*, Thread*, unsigned char*, void*, void*, char const*, int, unsigned long)+0x1a1
V  [libjvm.so+0xee09ad]  VMError::report_and_die(Thread*, char const*, int, unsigned long, VMErrorType, char const*, __va_list_tag*)+0x2d
V  [libjvm.so+0x60ac3c]  report_vm_out_of_memory(char const*, int, unsigned long, VMErrorType, char const*, ...)+0xdc
V  [libjvm.so+0xc210a8]  os::pd_commit_memory(char*, unsigned long, bool)+0xd8
V  [libjvm.so+0xc1aa2f]  os::commit_memory(char*, unsigned long, bool)+0x1f
V  [libjvm.so+0x6fff1c]  G1CMMarkStack::resize(unsigned long)+0x5c
V  [libjvm.so+0x703d7f]  G1ConcurrentMark::G1ConcurrentMark(G1CollectedHeap*, G1RegionToSpaceMapper*, G1RegionToSpaceMapper*)+0x56f
V  [libjvm.so+0x6f286c]  G1CollectedHeap::initialize()+0x70c
V  [libjvm.so+0xe8dea2]  universe_init()+0xd2
V  [libjvm.so+0x7ff787]  init_globals()+0x37
V  [libjvm.so+0xe64677]  Threads::create_vm(JavaVMInitArgs*, bool*)+0x387
V  [libjvm.so+0x8bfab2]  JNI_CreateJavaVM+0x52
C  [libjli.so+0x9c6f]  JavaMain+0x8f
C  [libjli.so+0xdf69]  ThreadJavaMain+0x9


---------------  P R O C E S S  ---------------

Threads class SMR info:
_java_thread_list=0x00007fb5d4831880, length=0, elements={
}

Java Threads: ( => current thread )

Other Threads:
  0x00007fb5cc062570 GCTaskThread "GC Thread#0" [stack: 0x00007fb5ba131000,0x00007fb5ba231000] [id=15622]

[error occurred during error reporting (printing all threads), id 0xb, SIGSEGV (0xb) at pc=0x00007fb5d3bf6180]

VM state: not at safepoint (not fully initialized)

VM Mutex/Monitor currently owned by a thread:  ([mutex/lock_event])
[0x00007fb5cc022b70] Heap_lock - owner thread: 0x00007fb5cc027340

Heap address: 0x00000000c2400000, size: 988 MB, Compressed Oops mode: 32-bit

CDS archive(s) mapped at: [0x0000000000000000-0x0000000000000000-0x0000000000000000), size 0, SharedBaseAddress: 0x0000000800000000, ArchiveRelocationMode: 1.
Narrow klass base: 0x0000000000000000, Narrow klass shift: 0, Narrow klass range: 0x0

GC Precious Log:
<Empty>

Heap:
 garbage-first heap   total 0K, used 0K [0x00000000c2400000, 0x0000000100000000)
  region size 1024K, 0 young (0K), 0 survivors (0K)

[error occurred during error reporting (printing heap information), id 0xb, SIGSEGV (0xb) at pc=0x00007fb5d41be63a]

GC Heap History (0 events):
No events

Dll operation events (1 events):
Event: 5.446 Loaded shared library /home/vagrant/.vscode/extensions/redhat.java-1.26.0-linux-x64/jre/17.0.9-linux-x86_64/lib/libjava.so

Deoptimization events (0 events):
No events

Classes unloaded (0 events):
No events

Classes redefined (0 events):
No events

Internal exceptions (0 events):
No events

VM Operations (0 events):
No events

Events (1 events):
Event: 5.169 Protecting memory [0x00007fb5d5142000,0x00007fb5d5146000] with protection modes 0


Dynamic libraries:
c2400000-100000000 ---p 00000000 00:00 0 
559ccd9d7000-559ccd9d8000 r--p 00000000 fd:00 1576943                    /home/vagrant/.vscode/extensions/redhat.java-1.26.0-linux-x64/jre/17.0.9-linux-x86_64/bin/jcmd
559ccd9d8000-559ccd9d9000 r-xp 00001000 fd:00 1576943                    /home/vagrant/.vscode/extensions/redhat.java-1.26.0-linux-x64/jre/17.0.9-linux-x86_64/bin/jcmd
559ccd9d9000-559ccd9da000 r--p 00002000 fd:00 1576943                    /home/vagrant/.vscode/extensions/redhat.java-1.26.0-linux-x64/jre/17.0.9-linux-x86_64/bin/jcmd
559ccd9da000-559ccd9db000 r--p 00002000 fd:00 1576943                    /home/vagrant/.vscode/extensions/redhat.java-1.26.0-linux-x64/jre/17.0.9-linux-x86_64/bin/jcmd
559ccd9db000-559ccd9dc000 rw-p 00003000 fd:00 1576943                    /home/vagrant/.vscode/extensions/redhat.java-1.26.0-linux-x64/jre/17.0.9-linux-x86_64/bin/jcmd
559cced99000-559ccede0000 rw-p 00000000 00:00 0                          [heap]
7fb5ac000000-7fb5ac021000 rw-p 00000000 00:00 0 
7fb5ac021000-7fb5b0000000 ---p 00000000 00:00 0 
7fb5b0000000-7fb5b0021000 rw-p 00000000 00:00 0 
7fb5b0021000-7fb5b4000000 ---p 00000000 00:00 0 
7fb5b4000000-7fb5b4021000 rw-p 00000000 00:00 0 
7fb5b4021000-7fb5b8000000 ---p 00000000 00:00 0 
7fb5b9b47000-7fb5b9f2e000 rw-p 00000000 00:00 0 
7fb5b9f2e000-7fb5b9f2f000 ---p 00000000 00:00 0 
7fb5b9f2f000-7fb5ba02f000 rw-p 00000000 00:00 0 
7fb5ba02f000-7fb5ba030000 ---p 00000000 00:00 0 
7fb5ba030000-7fb5ba130000 rw-p 00000000 00:00 0 
7fb5ba130000-7fb5ba131000 ---p 00000000 00:00 0 
7fb5ba131000-7fb5ba231000 rw-p 00000000 00:00 0 
7fb5ba231000-7fb5bc6db000 ---p 00000000 00:00 0 
7fb5bc6db000-7fb5bc8e2000 rw-p 00000000 00:00 0 
7fb5bc8e2000-7fb5bc9c8000 ---p 00000000 00:00 0 
7fb5bc9c8000-7fb5bcc38000 rwxp 00000000 00:00 0 
7fb5bcc38000-7fb5c3f00000 ---p 00000000 00:00 0 
7fb5c3f00000-7fb5c4170000 rwxp 00000000 00:00 0 
7fb5c4170000-7fb5c448f000 ---p 00000000 00:00 0 
7fb5c448f000-7fb5c46ff000 rwxp 00000000 00:00 0 
7fb5c46ff000-7fb5cb9c8000 ---p 00000000 00:00 0 
7fb5cb9c8000-7fb5cb9d3000 r-xp 00000000 fd:00 7602368                    /lib/x86_64-linux-gnu/libnss_files-2.27.so
7fb5cb9d3000-7fb5cbbd2000 ---p 0000b000 fd:00 7602368                    /lib/x86_64-linux-gnu/libnss_files-2.27.so
7fb5cbbd2000-7fb5cbbd3000 r--p 0000a000 fd:00 7602368                    /lib/x86_64-linux-gnu/libnss_files-2.27.so
7fb5cbbd3000-7fb5cbbd4000 rw-p 0000b000 fd:00 7602368                    /lib/x86_64-linux-gnu/libnss_files-2.27.so
7fb5cbbd4000-7fb5cbbda000 rw-p 00000000 00:00 0 
7fb5cbbda000-7fb5cbbf1000 r-xp 00000000 fd:00 7602365                    /lib/x86_64-linux-gnu/libnsl-2.27.so
7fb5cbbf1000-7fb5cbdf0000 ---p 00017000 fd:00 7602365                    /lib/x86_64-linux-gnu/libnsl-2.27.so
7fb5cbdf0000-7fb5cbdf1000 r--p 00016000 fd:00 7602365                    /lib/x86_64-linux-gnu/libnsl-2.27.so
7fb5cbdf1000-7fb5cbdf2000 rw-p 00017000 fd:00 7602365                    /lib/x86_64-linux-gnu/libnsl-2.27.so
7fb5cbdf2000-7fb5cbdf4000 rw-p 00000000 00:00 0 
7fb5cbdf4000-7fb5cbdff000 r-xp 00000000 fd:00 7602370                    /lib/x86_64-linux-gnu/libnss_nis-2.27.so
7fb5cbdff000-7fb5cbffe000 ---p 0000b000 fd:00 7602370                    /lib/x86_64-linux-gnu/libnss_nis-2.27.so
7fb5cbffe000-7fb5cbfff000 r--p 0000a000 fd:00 7602370                    /lib/x86_64-linux-gnu/libnss_nis-2.27.so
7fb5cbfff000-7fb5cc000000 rw-p 0000b000 fd:00 7602370                    /lib/x86_64-linux-gnu/libnss_nis-2.27.so
7fb5cc000000-7fb5cc079000 rw-p 00000000 00:00 0 
7fb5cc079000-7fb5d0000000 ---p 00000000 00:00 0 
7fb5d0037000-7fb5d003c000 rw-p 00000000 00:00 0 
7fb5d003c000-7fb5d0122000 ---p 00000000 00:00 0 
7fb5d0122000-7fb5d012a000 r-xp 00000000 fd:00 7602366                    /lib/x86_64-linux-gnu/libnss_compat-2.27.so
7fb5d012a000-7fb5d032a000 ---p 00008000 fd:00 7602366                    /lib/x86_64-linux-gnu/libnss_compat-2.27.so
7fb5d032a000-7fb5d032b000 r--p 00008000 fd:00 7602366                    /lib/x86_64-linux-gnu/libnss_compat-2.27.so
7fb5d032b000-7fb5d032c000 rw-p 00009000 fd:00 7602366                    /lib/x86_64-linux-gnu/libnss_compat-2.27.so
7fb5d032c000-7fb5d2f51000 r--s 00000000 fd:00 1577346                    /home/vagrant/.vscode/extensions/redhat.java-1.26.0-linux-x64/jre/17.0.9-linux-x86_64/lib/modules
7fb5d2f51000-7fb5d30ee000 r-xp 00000000 fd:00 7602362                    /lib/x86_64-linux-gnu/libm-2.27.so
7fb5d30ee000-7fb5d32ed000 ---p 0019d000 fd:00 7602362                    /lib/x86_64-linux-gnu/libm-2.27.so
7fb5d32ed000-7fb5d32ee000 r--p 0019c000 fd:00 7602362                    /lib/x86_64-linux-gnu/libm-2.27.so
7fb5d32ee000-7fb5d32ef000 rw-p 0019d000 fd:00 7602362                    /lib/x86_64-linux-gnu/libm-2.27.so
7fb5d32ef000-7fb5d32f6000 r-xp 00000000 fd:00 7602375                    /lib/x86_64-linux-gnu/librt-2.27.so
7fb5d32f6000-7fb5d34f5000 ---p 00007000 fd:00 7602375                    /lib/x86_64-linux-gnu/librt-2.27.so
7fb5d34f5000-7fb5d34f6000 r--p 00006000 fd:00 7602375                    /lib/x86_64-linux-gnu/librt-2.27.so
7fb5d34f6000-7fb5d34f7000 rw-p 00007000 fd:00 7602375                    /lib/x86_64-linux-gnu/librt-2.27.so
7fb5d34f7000-7fb5d374a000 r--p 00000000 fd:00 1577356                    /home/vagrant/.vscode/extensions/redhat.java-1.26.0-linux-x64/jre/17.0.9-linux-x86_64/lib/server/libjvm.so
7fb5d374a000-7fb5d4468000 r-xp 00253000 fd:00 1577356                    /home/vagrant/.vscode/extensions/redhat.java-1.26.0-linux-x64/jre/17.0.9-linux-x86_64/lib/server/libjvm.so
7fb5d4468000-7fb5d46f4000 r--p 00f71000 fd:00 1577356                    /home/vagrant/.vscode/extensions/redhat.java-1.26.0-linux-x64/jre/17.0.9-linux-x86_64/lib/server/libjvm.so
7fb5d46f4000-7fb5d47ad000 r--p 011fc000 fd:00 1577356                    /home/vagrant/.vscode/extensions/redhat.java-1.26.0-linux-x64/jre/17.0.9-linux-x86_64/lib/server/libjvm.so
7fb5d47ad000-7fb5d47e2000 rw-p 012b5000 fd:00 1577356                    /home/vagrant/.vscode/extensions/redhat.java-1.26.0-linux-x64/jre/17.0.9-linux-x86_64/lib/server/libjvm.so
7fb5d47e2000-7fb5d483c000 rw-p 00000000 00:00 0 
7fb5d483c000-7fb5d4a23000 r-xp 00000000 fd:00 7602358                    /lib/x86_64-linux-gnu/libc-2.27.so
7fb5d4a23000-7fb5d4c23000 ---p 001e7000 fd:00 7602358                    /lib/x86_64-linux-gnu/libc-2.27.so
7fb5d4c23000-7fb5d4c27000 r--p 001e7000 fd:00 7602358                    /lib/x86_64-linux-gnu/libc-2.27.so
7fb5d4c27000-7fb5d4c29000 rw-p 001eb000 fd:00 7602358                    /lib/x86_64-linux-gnu/libc-2.27.so
7fb5d4c29000-7fb5d4c2d000 rw-p 00000000 00:00 0 
7fb5d4c2d000-7fb5d4c30000 r-xp 00000000 fd:00 7602361                    /lib/x86_64-linux-gnu/libdl-2.27.so
7fb5d4c30000-7fb5d4e2f000 ---p 00003000 fd:00 7602361                    /lib/x86_64-linux-gnu/libdl-2.27.so
7fb5d4e2f000-7fb5d4e30000 r--p 00002000 fd:00 7602361                    /lib/x86_64-linux-gnu/libdl-2.27.so
7fb5d4e30000-7fb5d4e31000 rw-p 00003000 fd:00 7602361                    /lib/x86_64-linux-gnu/libdl-2.27.so
7fb5d4e31000-7fb5d4e4b000 r-xp 00000000 fd:00 7602373                    /lib/x86_64-linux-gnu/libpthread-2.27.so
7fb5d4e4b000-7fb5d504a000 ---p 0001a000 fd:00 7602373                    /lib/x86_64-linux-gnu/libpthread-2.27.so
7fb5d504a000-7fb5d504b000 r--p 00019000 fd:00 7602373                    /lib/x86_64-linux-gnu/libpthread-2.27.so
7fb5d504b000-7fb5d504c000 rw-p 0001a000 fd:00 7602373                    /lib/x86_64-linux-gnu/libpthread-2.27.so
7fb5d504c000-7fb5d5050000 rw-p 00000000 00:00 0 
7fb5d5050000-7fb5d5079000 r-xp 00000000 fd:00 7602347                    /lib/x86_64-linux-gnu/ld-2.27.so
7fb5d50cb000-7fb5d50f1000 rw-p 00000000 00:00 0 
7fb5d50f1000-7fb5d50f8000 ---p 00000000 00:00 0 
7fb5d50f8000-7fb5d5106000 r--p 00000000 fd:00 1577324                    /home/vagrant/.vscode/extensions/redhat.java-1.26.0-linux-x64/jre/17.0.9-linux-x86_64/lib/libjava.so
7fb5d5106000-7fb5d5118000 r-xp 0000e000 fd:00 1577324                    /home/vagrant/.vscode/extensions/redhat.java-1.26.0-linux-x64/jre/17.0.9-linux-x86_64/lib/libjava.so
7fb5d5118000-7fb5d511e000 r--p 00020000 fd:00 1577324                    /home/vagrant/.vscode/extensions/redhat.java-1.26.0-linux-x64/jre/17.0.9-linux-x86_64/lib/libjava.so
7fb5d511e000-7fb5d511f000 ---p 00026000 fd:00 1577324                    /home/vagrant/.vscode/extensions/redhat.java-1.26.0-linux-x64/jre/17.0.9-linux-x86_64/lib/libjava.so
7fb5d511f000-7fb5d5120000 r--p 00026000 fd:00 1577324                    /home/vagrant/.vscode/extensions/redhat.java-1.26.0-linux-x64/jre/17.0.9-linux-x86_64/lib/libjava.so
7fb5d5120000-7fb5d5121000 rw-p 00027000 fd:00 1577324                    /home/vagrant/.vscode/extensions/redhat.java-1.26.0-linux-x64/jre/17.0.9-linux-x86_64/lib/libjava.so
7fb5d5121000-7fb5d5122000 rw-p 00000000 00:00 0 
7fb5d5122000-7fb5d5126000 r--p 00000000 fd:00 1577328                    /home/vagrant/.vscode/extensions/redhat.java-1.26.0-linux-x64/jre/17.0.9-linux-x86_64/lib/libjimage.so
7fb5d5126000-7fb5d5139000 r-xp 00004000 fd:00 1577328                    /home/vagrant/.vscode/extensions/redhat.java-1.26.0-linux-x64/jre/17.0.9-linux-x86_64/lib/libjimage.so
7fb5d5139000-7fb5d513f000 r--p 00017000 fd:00 1577328                    /home/vagrant/.vscode/extensions/redhat.java-1.26.0-linux-x64/jre/17.0.9-linux-x86_64/lib/libjimage.so
7fb5d513f000-7fb5d5141000 r--p 0001c000 fd:00 1577328                    /home/vagrant/.vscode/extensions/redhat.java-1.26.0-linux-x64/jre/17.0.9-linux-x86_64/lib/libjimage.so
7fb5d5141000-7fb5d5142000 rw-p 0001e000 fd:00 1577328                    /home/vagrant/.vscode/extensions/redhat.java-1.26.0-linux-x64/jre/17.0.9-linux-x86_64/lib/libjimage.so
7fb5d5142000-7fb5d5146000 ---p 00000000 00:00 0 
7fb5d5146000-7fb5d5245000 rw-p 00000000 00:00 0 
7fb5d5250000-7fb5d5258000 rw-s 00000000 fd:00 3419099                    /tmp/hsperfdata_vagrant/15569
7fb5d5258000-7fb5d5259000 ---p 00000000 00:00 0 
7fb5d5259000-7fb5d525a000 r--p 00000000 00:00 0 
7fb5d525a000-7fb5d525b000 ---p 00000000 00:00 0 
7fb5d525b000-7fb5d525e000 r--p 00000000 fd:00 1577329                    /home/vagrant/.vscode/extensions/redhat.java-1.26.0-linux-x64/jre/17.0.9-linux-x86_64/lib/libjli.so
7fb5d525e000-7fb5d526e000 r-xp 00003000 fd:00 1577329                    /home/vagrant/.vscode/extensions/redhat.java-1.26.0-linux-x64/jre/17.0.9-linux-x86_64/lib/libjli.so
7fb5d526e000-7fb5d5275000 r--p 00013000 fd:00 1577329                    /home/vagrant/.vscode/extensions/redhat.java-1.26.0-linux-x64/jre/17.0.9-linux-x86_64/lib/libjli.so
7fb5d5275000-7fb5d5276000 r--p 00019000 fd:00 1577329                    /home/vagrant/.vscode/extensions/redhat.java-1.26.0-linux-x64/jre/17.0.9-linux-x86_64/lib/libjli.so
7fb5d5276000-7fb5d5277000 rw-p 0001a000 fd:00 1577329                    /home/vagrant/.vscode/extensions/redhat.java-1.26.0-linux-x64/jre/17.0.9-linux-x86_64/lib/libjli.so
7fb5d5277000-7fb5d5279000 rw-p 00000000 00:00 0 
7fb5d5279000-7fb5d527a000 r--p 00029000 fd:00 7602347                    /lib/x86_64-linux-gnu/ld-2.27.so
7fb5d527a000-7fb5d527b000 rw-p 0002a000 fd:00 7602347                    /lib/x86_64-linux-gnu/ld-2.27.so
7fb5d527b000-7fb5d527c000 rw-p 00000000 00:00 0 
7ffd916b3000-7ffd916d5000 rw-p 00000000 00:00 0                          [stack]
7ffd916fa000-7ffd916fd000 r--p 00000000 00:00 0                          [vvar]
7ffd916fd000-7ffd916ff000 r-xp 00000000 00:00 0                          [vdso]
ffffffffff600000-ffffffffff601000 r-xp 00000000 00:00 0                  [vsyscall]


VM Arguments:
jvm_args: -Dapplication.home=/home/vagrant/.vscode/extensions/redhat.java-1.26.0-linux-x64/jre/17.0.9-linux-x86_64 -Xms8m -Djdk.module.main=jdk.jcmd 
java_command: jdk.jcmd/sun.tools.jcmd.JCmd 2641 VM.uptime
java_class_path (initial): <not set>
Launcher Type: SUN_STANDARD

[Global flags]
     intx CICompilerCount                          = 2                                         {product} {ergonomic}
     uint ConcGCThreads                            = 1                                         {product} {ergonomic}
     uint G1ConcRefinementThreads                  = 2                                         {product} {ergonomic}
   size_t G1HeapRegionSize                         = 1048576                                   {product} {ergonomic}
    uintx GCDrainStackTargetSize                   = 64                                        {product} {ergonomic}
   size_t InitialHeapSize                          = 8388608                                   {product} {command line}
   size_t MarkStackSize                            = 4194304                                   {product} {ergonomic}
   size_t MaxHeapSize                              = 1035993088                                {product} {ergonomic}
   size_t MinHeapDeltaBytes                        = 1048576                                   {product} {ergonomic}
   size_t MinHeapSize                              = 8388608                                   {product} {command line}
    uintx NonNMethodCodeHeapSize                   = 5826188                                {pd product} {ergonomic}
    uintx NonProfiledCodeHeapSize                  = 122916026                              {pd product} {ergonomic}
    uintx ProfiledCodeHeapSize                     = 122916026                              {pd product} {ergonomic}
    uintx ReservedCodeCacheSize                    = 251658240                              {pd product} {ergonomic}
     bool SegmentedCodeCache                       = true                                      {product} {ergonomic}
   size_t SoftMaxHeapSize                          = 1035993088                             {manageable} {ergonomic}
     bool UseCompressedClassPointers               = true                           {product lp64_product} {ergonomic}
     bool UseCompressedOops                        = true                           {product lp64_product} {ergonomic}
     bool UseG1GC                                  = true                                      {product} {ergonomic}

Logging:
Log output configuration:
 #0: stdout all=warning uptime,level,tags
 #1: stderr all=off uptime,level,tags

Environment Variables:
PATH=/home/vagrant/.nvm/versions/node/v20.11.0/bin:/home/vagrant/miniconda3/bin:/home/vagrant/miniconda3/condabin:/home/vagrant/.local/environment-modules/Modules/3.2.10/bin:/Users/ashriram/.local/bin:/Users/ashriram/Library/Python/3.7/bin:/Users/Shared/modules/Modules/3.2.10/bin:/usr/local/sbin:/usr/local/bin:/usr/sbin:/usr/bin:/sbin:/bin:/usr/games:/usr/local/games:/home/vagrant/.local/packages/RISCV-32IM/bin:/home/vagrant/.local/packages/qemu-32-riscv/bin:/home/vagrant/.local/packages/cgdb/bin
USERNAME=vagrant
LD_LIBRARY_PATH=/home/vagrant/.local/Tcl/lib
SHELL=/usr/bin/zsh
DISPLAY=:0
LANG=en_US.UTF-8
TERM=xterm-256color

Active Locale:
LC_ALL=C
LC_COLLATE=C
LC_CTYPE=C
LC_MESSAGES=C
LC_MONETARY=C
LC_NUMERIC=C
LC_TIME=C

Signal Handlers:
   SIGSEGV: crash_handler in libjvm.so, mask=11100100010111111101111111111110, flags=SA_RESTART|SA_SIGINFO, unblocked
